<?xml version="1.0" encoding="UTF-8"?>
<testng-results ignored="0" total="1" passed="1" failed="0" skipped="0">
  <reporter-output>
  </reporter-output>
  <suite started-at="2026-01-29T06:51:42 UTC" name="Default suite" finished-at="2026-01-29T06:51:46 UTC" duration-ms="4001">
    <groups>
    </groups>
    <test started-at="2026-01-29T06:51:42 UTC" name="Default test" finished-at="2026-01-29T06:51:46 UTC" duration-ms="4001">
      <class name="testngSample.FirstSampleEx">
        <test-method is-config="true" signature="starttest()[pri:0, instance:testngSample.FirstSampleEx@f5958c9]" started-at="2026-01-29T06:51:42 UTC" name="starttest" finished-at="2026-01-29T06:51:42 UTC" duration-ms="77" status="PASS">
          <reporter-output>
          </reporter-output>
        </test-method> <!-- starttest -->
        <test-method signature="extenttest()[pri:0, instance:testngSample.FirstSampleEx@f5958c9]" started-at="2026-01-29T06:51:42 UTC" name="extenttest" finished-at="2026-01-29T06:51:46 UTC" duration-ms="3698" status="PASS">
          <reporter-output>
          </reporter-output>
        </test-method> <!-- extenttest -->
        <test-method is-config="true" signature="teardown()[pri:0, instance:testngSample.FirstSampleEx@f5958c9]" started-at="2026-01-29T06:51:46 UTC" name="teardown" finished-at="2026-01-29T06:51:46 UTC" duration-ms="199" status="PASS">
          <reporter-output>
          </reporter-output>
        </test-method> <!-- teardown -->
      </class> <!-- testngSample.FirstSampleEx -->
    </test> <!-- Default test -->
  </suite> <!-- Default suite -->
</testng-results>
