<?xml version="1.0" encoding="UTF-8"?>
<testng-results ignored="0" total="3" passed="3" failed="0" skipped="0">
  <reporter-output>
  </reporter-output>
  <suite started-at="2026-01-30T06:53:56 UTC" name="Default suite" finished-at="2026-01-30T06:54:17 UTC" duration-ms="21539">
    <groups>
      <group name="cucumber">
        <method signature="AbstractTestNGCucumberTests.runScenario(io.cucumber.testng.PickleWrapper,io.cucumber.testng.FeatureWrapper)[pri:0, instance:stepdefination.testrunner@6f4a47c7]" name="runScenario" class="io.cucumber.testng.AbstractTestNGCucumberTests"/>
      </group> <!-- cucumber -->
    </groups>
    <test started-at="2026-01-30T06:53:56 UTC" name="Default test" finished-at="2026-01-30T06:54:17 UTC" duration-ms="21539">
      <class name="stepdefination.testrunner">
        <test-method is-config="true" signature="setUpClass(org.testng.ITestContext)[pri:0, instance:stepdefination.testrunner@6f4a47c7]" started-at="2026-01-30T06:53:56 UTC" name="setUpClass" finished-at="2026-01-30T06:53:56 UTC" duration-ms="448" status="PASS">
          <params>
            <param index="0">
              <value>
                <![CDATA[org.testng.TestRunner@40d52be7]]>
              </value>
            </param>
          </params>
          <reporter-output>
          </reporter-output>
        </test-method> <!-- setUpClass -->
        <test-method signature="runScenario(io.cucumber.testng.PickleWrapper,io.cucumber.testng.FeatureWrapper)[pri:0, instance:stepdefination.testrunner@6f4a47c7]" started-at="2026-01-30T06:53:56 UTC" name="runScenario" description="Runs Cucumber Scenarios" data-provider="scenarios" finished-at="2026-01-30T06:54:03 UTC" duration-ms="6466" status="PASS">
          <params>
            <param index="0">
              <value>
                <![CDATA["Validating Search is workinn"]]>
              </value>
            </param>
            <param index="1">
              <value>
                <![CDATA["Searching On Browser"]]>
              </value>
            </param>
          </params>
          <reporter-output>
          </reporter-output>
        </test-method> <!-- runScenario -->
        <test-method signature="runScenario(io.cucumber.testng.PickleWrapper,io.cucumber.testng.FeatureWrapper)[pri:0, instance:stepdefination.testrunner@6f4a47c7]" started-at="2026-01-30T06:54:03 UTC" name="runScenario" description="Runs Cucumber Scenarios" data-provider="scenarios" finished-at="2026-01-30T06:54:10 UTC" duration-ms="7305" status="PASS">
          <params>
            <param index="0">
              <value>
                <![CDATA["Check login is successfull"]]>
              </value>
            </param>
            <param index="1">
              <value>
                <![CDATA["Test login functonality"]]>
              </value>
            </param>
          </params>
          <reporter-output>
          </reporter-output>
        </test-method> <!-- runScenario -->
        <test-method signature="runScenario(io.cucumber.testng.PickleWrapper,io.cucumber.testng.FeatureWrapper)[pri:0, instance:stepdefination.testrunner@6f4a47c7]" started-at="2026-01-30T06:54:10 UTC" name="runScenario" description="Runs Cucumber Scenarios" data-provider="scenarios" finished-at="2026-01-30T06:54:17 UTC" duration-ms="7244" status="PASS">
          <params>
            <param index="0">
              <value>
                <![CDATA["Check login is successfull"]]>
              </value>
            </param>
            <param index="1">
              <value>
                <![CDATA["Test login functonality"]]>
              </value>
            </param>
          </params>
          <reporter-output>
          </reporter-output>
        </test-method> <!-- runScenario -->
        <test-method is-config="true" signature="tearDownClass()[pri:0, instance:stepdefination.testrunner@6f4a47c7]" started-at="2026-01-30T06:54:17 UTC" name="tearDownClass" finished-at="2026-01-30T06:54:17 UTC" duration-ms="38" status="PASS">
          <reporter-output>
          </reporter-output>
        </test-method> <!-- tearDownClass -->
      </class> <!-- stepdefination.testrunner -->
    </test> <!-- Default test -->
  </suite> <!-- Default suite -->
</testng-results>
