<?xml version="1.0" encoding="UTF-8"?>
<!-- Generated by org.testng.reporters.JUnitReportReporter -->
<testsuite hostname="ip-172-31-42-69" failures="0" tests="3" name="stepdefination.testrunner" time="21.015" errors="0" timestamp="2026-01-30T06:54:17 UTC" skipped="0">
  <testcase classname="stepdefination.testrunner" name="runScenario" time="6.466"/>
  <testcase classname="stepdefination.testrunner" name="runScenario" time="7.244"/>
  <testcase classname="stepdefination.testrunner" name="runScenario" time="7.305"/>
</testsuite> <!-- stepdefination.testrunner -->
